<?xml version="1.0" encoding="UTF-8"?>
<!-- Generated by org.testng.reporters.JUnitReportReporter -->
<testsuite hostname="WorkPC" failures="0" tests="3" name="com.crm.qa.testdata.HomePageTest" time="52.124" errors="0" timestamp="2024-09-11T18:49:25 IST" skipped="0">
  <testcase classname="com.crm.qa.testdata.HomePageTest" name="verifyHomePageTitle" time="21.671"/>
  <system-out/>
  <testcase classname="com.crm.qa.testdata.HomePageTest" name="verifyUserName" time="19.367"/>
  <system-out/>
  <testcase classname="com.crm.qa.testdata.HomePageTest" name="verifyContactPageTest" time="11.086"/>
  <system-out/>
</testsuite> <!-- com.crm.qa.testdata.HomePageTest -->
