<?xml version="1.0" encoding="UTF-8"?>
<!-- Generated by org.testng.reporters.JUnitReportReporter -->
<testsuite hostname="WorkPC" failures="0" tests="1" name="com.crm.qa.testdata.LoginPageTest" time="9.321" errors="0" timestamp="2024-09-11T18:49:25 IST" skipped="0">
  <testcase classname="com.crm.qa.testdata.LoginPageTest" name="loginTest" time="9.321"/>
  <system-out/>
</testsuite> <!-- com.crm.qa.testdata.LoginPageTest -->
