<?xml version="1.0" encoding="UTF-8"?>
<!-- Generated by org.testng.reporters.JUnitReportReporter -->
<testsuite hostname="WorkPC" failures="0" tests="4" name="com.crm.qa.pages.Tests" time="0.023" errors="0" timestamp="2024-09-10T16:11:37 IST" skipped="0">
  <testcase classname="com.crm.qa.pages.Tests" name="B" time="0.010"/>
  <system-out/>
  <testcase classname="com.crm.qa.pages.Tests" name="D" time="0.002"/>
  <system-out/>
  <testcase classname="com.crm.qa.pages.Tests" name="C" time="0.002"/>
  <system-out/>
  <testcase classname="com.crm.qa.pages.Tests" name="E" time="0.009"/>
  <system-out/>
</testsuite> <!-- com.crm.qa.pages.Tests -->
