<?xml version="1.0" encoding="UTF-8"?>
<!-- Generated by org.testng.reporters.JUnitReportReporter -->
<testsuite hostname="WorkPC" failures="0" tests="3" name="com.crm.qa.testdata.HomePageTest" time="48.388" errors="0" timestamp="2024-09-11T17:48:35 IST" skipped="0">
  <testcase classname="com.crm.qa.testdata.HomePageTest" name="verifyHomePageTitle" time="17.007"/>
  <system-out/>
  <testcase classname="com.crm.qa.testdata.HomePageTest" name="verifyUserName" time="11.331"/>
  <system-out/>
  <testcase classname="com.crm.qa.testdata.HomePageTest" name="verifyContactPageTest" time="20.050"/>
  <system-out/>
</testsuite> <!-- com.crm.qa.testdata.HomePageTest -->
