<?xml version="1.0" encoding="UTF-8"?>
<!-- Generated by org.testng.reporters.JUnitReportReporter -->
<testsuite hostname="WorkPC" failures="0" tests="3" name="com.crm.qa.testdata.ContactPageTest" time="36.004" errors="0" timestamp="2024-09-11T17:48:35 IST" skipped="0">
  <testcase classname="com.crm.qa.testdata.ContactPageTest" name="verifyEnterFirstName" time="11.611"/>
  <system-out/>
  <testcase classname="com.crm.qa.testdata.ContactPageTest" name="verifyEnterLastName" time="11.764"/>
  <system-out/>
  <testcase classname="com.crm.qa.testdata.ContactPageTest" name="verifyPhoneField" time="12.629"/>
  <system-out/>
</testsuite> <!-- com.crm.qa.testdata.ContactPageTest -->
