<?xml version="1.0" encoding="UTF-8"?>
<!-- Generated by org.testng.reporters.JUnitReportReporter -->
<testsuite hostname="WorkPC" failures="0" tests="1" name="com.crm.qa.testdata.LoginPageTest" time="20.318" errors="0" timestamp="2024-09-11T17:48:35 IST" skipped="0">
  <testcase classname="com.crm.qa.testdata.LoginPageTest" name="loginTest" time="20.318"/>
  <system-out/>
</testsuite> <!-- com.crm.qa.testdata.LoginPageTest -->
